/Applications/MATLAB_R2022a.app/sys/ros1/maci64/ros1/etc/catkin/profile.d/99.roslisp.sh: line 21: /System/Volumes/Data/mathworks/devel/bat/B3p2/build/3p/derived/maci64/ros1/python_venv/bin/python3: No such file or directory
[0/1] Re-running CMake...
-- Using CATKIN_DEVEL_PREFIX: /Users/flyinglightspec/src/FLS-Multimedia2022/ROSbag/ROSpackages/matlab_msg_gen_ros1/maci64/devel
-- Using CMAKE_PREFIX_PATH: /Applications/MATLAB_R2022a.app/sys/ros1/maci64/ros1;/Applications/MATLAB_R2022a.app/toolbox/ros/mlroscpp/custom_messages
-- This workspace overlays: /Applications/MATLAB_R2022a.app/sys/ros1/maci64/ros1;/Applications/MATLAB_R2022a.app/toolbox/ros/mlroscpp/custom_messages
-- Using PYTHON_EXECUTABLE: /Users/flyinglightspec/.matlab/R2022a/ros1/maci64/venv/bin/python3
-- Using default Python package layout
-- Using empy: /Users/flyinglightspec/.matlab/R2022a/ros1/maci64/venv/lib/python3.9/site-packages/em.py
-- Using CATKIN_ENABLE_TESTING: off
-- catkin 0.8.10
-- BUILD_SHARED_LIBS is on
/Applications/MATLAB_R2022a.app/sys/ros1/maci64/ros1/etc/catkin/profile.d/99.roslisp.sh: line 21: /System/Volumes/Data/mathworks/devel/bat/B3p2/build/3p/derived/maci64/ros1/python_venv/bin/python3: No such file or directory
-- BUILD_SHARED_LIBS is on
-- ~~~~~~~~~~~~~~~~~~~~~~~~~~~~~~~~~~~~~~~~~~~~~~~~~
-- ~~  traversing 1 packages in topological order:
-- ~~  - flyinglightspeck
-- ~~~~~~~~~~~~~~~~~~~~~~~~~~~~~~~~~~~~~~~~~~~~~~~~~
-- +++ processing catkin package: 'flyinglightspeck'
-- ==> add_subdirectory(flyinglightspeck)
-- Disabling the following message generators: geneus;genlisp;gennodejs
-- Using these message generators: gencpp;genpy
-- flyinglightspeck: 1 messages, 1 services
-- Configuring done
-- Generating done
-- Build files have been written to: /Users/flyinglightspec/src/FLS-Multimedia2022/ROSbag/ROSpackages/matlab_msg_gen_ros1/maci64/build
ninja: no work to do.
[1/3] cd /Users/flyinglightspec/src/FLS-Multimedia2022/ROSbag/ROSpackages/matlab_msg_gen_ros1/maci64/build/flyinglightspeck && /Users/flyinglightspec/src/FLS-Multimedia2022/ROSbag/ROSpackages/matlab_msg_gen_ros1/maci64/build/catkin_generated/env_cached.sh /Users/flyinglightspec/.matlab/R2022a/ros1/maci64/venv/bin/python3 /Applications/MATLAB_R2022a.app/sys/ros1/maci64/ros1/share/genmsg/cmake/../../../lib/genmsg/genmsg_check_deps.py flyinglightspeck /Users/flyinglightspec/src/FLS-Multimedia2022/ROSbag/ROSpackages/matlab_msg_gen_ros1/maci64/src/flyinglightspeck/msg/fls.msg std_msgs/Header
[2/3] cd /Users/flyinglightspec/src/FLS-Multimedia2022/ROSbag/ROSpackages/matlab_msg_gen_ros1/maci64/build/flyinglightspeck && /Users/flyinglightspec/src/FLS-Multimedia2022/ROSbag/ROSpackages/matlab_msg_gen_ros1/maci64/build/catkin_generated/env_cached.sh /Users/flyinglightspec/.matlab/R2022a/ros1/maci64/venv/bin/python3 /Applications/MATLAB_R2022a.app/sys/ros1/maci64/ros1/share/genmsg/cmake/../../../lib/genmsg/genmsg_check_deps.py flyinglightspeck /Users/flyinglightspec/src/FLS-Multimedia2022/ROSbag/ROSpackages/matlab_msg_gen_ros1/maci64/src/flyinglightspeck/srv/ReadFLS.srv
[2/3] Install the project...
-- Install configuration: "Release"
-- Installing: /Users/flyinglightspec/src/FLS-Multimedia2022/ROSbag/ROSpackages/matlab_msg_gen_ros1/maci64/install/_setup_util.py
-- Up-to-date: /Users/flyinglightspec/src/FLS-Multimedia2022/ROSbag/ROSpackages/matlab_msg_gen_ros1/maci64/install/env.sh
-- Up-to-date: /Users/flyinglightspec/src/FLS-Multimedia2022/ROSbag/ROSpackages/matlab_msg_gen_ros1/maci64/install/setup.bash
-- Up-to-date: /Users/flyinglightspec/src/FLS-Multimedia2022/ROSbag/ROSpackages/matlab_msg_gen_ros1/maci64/install/local_setup.bash
-- Up-to-date: /Users/flyinglightspec/src/FLS-Multimedia2022/ROSbag/ROSpackages/matlab_msg_gen_ros1/maci64/install/setup.sh
-- Up-to-date: /Users/flyinglightspec/src/FLS-Multimedia2022/ROSbag/ROSpackages/matlab_msg_gen_ros1/maci64/install/local_setup.sh
-- Up-to-date: /Users/flyinglightspec/src/FLS-Multimedia2022/ROSbag/ROSpackages/matlab_msg_gen_ros1/maci64/install/setup.zsh
-- Up-to-date: /Users/flyinglightspec/src/FLS-Multimedia2022/ROSbag/ROSpackages/matlab_msg_gen_ros1/maci64/install/local_setup.zsh
-- Up-to-date: /Users/flyinglightspec/src/FLS-Multimedia2022/ROSbag/ROSpackages/matlab_msg_gen_ros1/maci64/install/.rosinstall
-- Up-to-date: /Users/flyinglightspec/src/FLS-Multimedia2022/ROSbag/ROSpackages/matlab_msg_gen_ros1/maci64/install/share/flyinglightspeck/msg/fls.msg
-- Up-to-date: /Users/flyinglightspec/src/FLS-Multimedia2022/ROSbag/ROSpackages/matlab_msg_gen_ros1/maci64/install/share/flyinglightspeck/srv/ReadFLS.srv
-- Up-to-date: /Users/flyinglightspec/src/FLS-Multimedia2022/ROSbag/ROSpackages/matlab_msg_gen_ros1/maci64/install/share/flyinglightspeck/cmake/flyinglightspeck-msg-paths.cmake
-- Up-to-date: /Users/flyinglightspec/src/FLS-Multimedia2022/ROSbag/ROSpackages/matlab_msg_gen_ros1/maci64/install/include/flyinglightspeck
-- Up-to-date: /Users/flyinglightspec/src/FLS-Multimedia2022/ROSbag/ROSpackages/matlab_msg_gen_ros1/maci64/install/include/flyinglightspeck/fls.h
-- Up-to-date: /Users/flyinglightspec/src/FLS-Multimedia2022/ROSbag/ROSpackages/matlab_msg_gen_ros1/maci64/install/include/flyinglightspeck/ReadFLS.h
-- Up-to-date: /Users/flyinglightspec/src/FLS-Multimedia2022/ROSbag/ROSpackages/matlab_msg_gen_ros1/maci64/install/include/flyinglightspeck/ReadFLSResponse.h
-- Up-to-date: /Users/flyinglightspec/src/FLS-Multimedia2022/ROSbag/ROSpackages/matlab_msg_gen_ros1/maci64/install/include/flyinglightspeck/ReadFLSRequest.h
Listing '/Users/flyinglightspec/src/FLS-Multimedia2022/ROSbag/ROSpackages/matlab_msg_gen_ros1/maci64/devel/lib/python3.9/site-packages/flyinglightspeck'...
Listing '/Users/flyinglightspec/src/FLS-Multimedia2022/ROSbag/ROSpackages/matlab_msg_gen_ros1/maci64/devel/lib/python3.9/site-packages/flyinglightspeck/msg'...
Listing '/Users/flyinglightspec/src/FLS-Multimedia2022/ROSbag/ROSpackages/matlab_msg_gen_ros1/maci64/devel/lib/python3.9/site-packages/flyinglightspeck/srv'...
-- Up-to-date: /Users/flyinglightspec/src/FLS-Multimedia2022/ROSbag/ROSpackages/matlab_msg_gen_ros1/maci64/install/lib/python3.9/site-packages/flyinglightspeck
-- Up-to-date: /Users/flyinglightspec/src/FLS-Multimedia2022/ROSbag/ROSpackages/matlab_msg_gen_ros1/maci64/install/lib/python3.9/site-packages/flyinglightspeck/msg
-- Up-to-date: /Users/flyinglightspec/src/FLS-Multimedia2022/ROSbag/ROSpackages/matlab_msg_gen_ros1/maci64/install/lib/python3.9/site-packages/flyinglightspeck/msg/_fls.py
-- Up-to-date: /Users/flyinglightspec/src/FLS-Multimedia2022/ROSbag/ROSpackages/matlab_msg_gen_ros1/maci64/install/lib/python3.9/site-packages/flyinglightspeck/msg/__init__.py
-- Up-to-date: /Users/flyinglightspec/src/FLS-Multimedia2022/ROSbag/ROSpackages/matlab_msg_gen_ros1/maci64/install/lib/python3.9/site-packages/flyinglightspeck/msg/__pycache__
-- Up-to-date: /Users/flyinglightspec/src/FLS-Multimedia2022/ROSbag/ROSpackages/matlab_msg_gen_ros1/maci64/install/lib/python3.9/site-packages/flyinglightspeck/msg/__pycache__/__init__.cpython-39.pyc
-- Up-to-date: /Users/flyinglightspec/src/FLS-Multimedia2022/ROSbag/ROSpackages/matlab_msg_gen_ros1/maci64/install/lib/python3.9/site-packages/flyinglightspeck/msg/__pycache__/_fls.cpython-39.pyc
-- Up-to-date: /Users/flyinglightspec/src/FLS-Multimedia2022/ROSbag/ROSpackages/matlab_msg_gen_ros1/maci64/install/lib/python3.9/site-packages/flyinglightspeck/__init__.py
-- Up-to-date: /Users/flyinglightspec/src/FLS-Multimedia2022/ROSbag/ROSpackages/matlab_msg_gen_ros1/maci64/install/lib/python3.9/site-packages/flyinglightspeck/__pycache__
-- Up-to-date: /Users/flyinglightspec/src/FLS-Multimedia2022/ROSbag/ROSpackages/matlab_msg_gen_ros1/maci64/install/lib/python3.9/site-packages/flyinglightspeck/__pycache__/__init__.cpython-39.pyc
-- Up-to-date: /Users/flyinglightspec/src/FLS-Multimedia2022/ROSbag/ROSpackages/matlab_msg_gen_ros1/maci64/install/lib/python3.9/site-packages/flyinglightspeck/srv
-- Up-to-date: /Users/flyinglightspec/src/FLS-Multimedia2022/ROSbag/ROSpackages/matlab_msg_gen_ros1/maci64/install/lib/python3.9/site-packages/flyinglightspeck/srv/_ReadFLS.py
-- Up-to-date: /Users/flyinglightspec/src/FLS-Multimedia2022/ROSbag/ROSpackages/matlab_msg_gen_ros1/maci64/install/lib/python3.9/site-packages/flyinglightspeck/srv/__init__.py
-- Up-to-date: /Users/flyinglightspec/src/FLS-Multimedia2022/ROSbag/ROSpackages/matlab_msg_gen_ros1/maci64/install/lib/python3.9/site-packages/flyinglightspeck/srv/__pycache__
-- Up-to-date: /Users/flyinglightspec/src/FLS-Multimedia2022/ROSbag/ROSpackages/matlab_msg_gen_ros1/maci64/install/lib/python3.9/site-packages/flyinglightspeck/srv/__pycache__/__init__.cpython-39.pyc
-- Up-to-date: /Users/flyinglightspec/src/FLS-Multimedia2022/ROSbag/ROSpackages/matlab_msg_gen_ros1/maci64/install/lib/python3.9/site-packages/flyinglightspeck/srv/__pycache__/_ReadFLS.cpython-39.pyc
-- Installing: /Users/flyinglightspec/src/FLS-Multimedia2022/ROSbag/ROSpackages/matlab_msg_gen_ros1/maci64/install/lib/pkgconfig/flyinglightspeck.pc
-- Up-to-date: /Users/flyinglightspec/src/FLS-Multimedia2022/ROSbag/ROSpackages/matlab_msg_gen_ros1/maci64/install/share/flyinglightspeck/cmake/flyinglightspeck-msg-extras.cmake
-- Up-to-date: /Users/flyinglightspec/src/FLS-Multimedia2022/ROSbag/ROSpackages/matlab_msg_gen_ros1/maci64/install/share/flyinglightspeck/cmake/flyinglightspeckConfig.cmake
-- Up-to-date: /Users/flyinglightspec/src/FLS-Multimedia2022/ROSbag/ROSpackages/matlab_msg_gen_ros1/maci64/install/share/flyinglightspeck/cmake/flyinglightspeckConfig-version.cmake
-- Installing: /Users/flyinglightspec/src/FLS-Multimedia2022/ROSbag/ROSpackages/matlab_msg_gen_ros1/maci64/install/share/flyinglightspeck/package.xml
-- Up-to-date: /Users/flyinglightspec/src/FLS-Multimedia2022/ROSbag/ROSpackages/matlab_msg_gen_ros1/maci64/install/include
-- Up-to-date: /Users/flyinglightspec/src/FLS-Multimedia2022/ROSbag/ROSpackages/matlab_msg_gen_ros1/maci64/install/include/flyinglightspeck
-- Up-to-date: /Users/flyinglightspec/src/FLS-Multimedia2022/ROSbag/ROSpackages/matlab_msg_gen_ros1/maci64/install/include/flyinglightspeck/visibility_control.h
-- Up-to-date: /Users/flyinglightspec/src/FLS-Multimedia2022/ROSbag/ROSpackages/matlab_msg_gen_ros1/maci64/install/lib/libflyinglightspeck_matlab.dylib
-- Up-to-date: /Users/flyinglightspec/src/FLS-Multimedia2022/ROSbag/ROSpackages/matlab_msg_gen_ros1/maci64/install/m/
-- Up-to-date: /Users/flyinglightspec/src/FLS-Multimedia2022/ROSbag/ROSpackages/matlab_msg_gen_ros1/maci64/install/m//+ros
-- Up-to-date: /Users/flyinglightspec/src/FLS-Multimedia2022/ROSbag/ROSpackages/matlab_msg_gen_ros1/maci64/install/m//+ros/+internal
-- Up-to-date: /Users/flyinglightspec/src/FLS-Multimedia2022/ROSbag/ROSpackages/matlab_msg_gen_ros1/maci64/install/m//+ros/+internal/+ros
-- Up-to-date: /Users/flyinglightspec/src/FLS-Multimedia2022/ROSbag/ROSpackages/matlab_msg_gen_ros1/maci64/install/m//+ros/+internal/+ros/+custommessages
-- Up-to-date: /Users/flyinglightspec/src/FLS-Multimedia2022/ROSbag/ROSpackages/matlab_msg_gen_ros1/maci64/install/m//+ros/+internal/+ros/+custommessages/+flyinglightspeck
-- Up-to-date: /Users/flyinglightspec/src/FLS-Multimedia2022/ROSbag/ROSpackages/matlab_msg_gen_ros1/maci64/install/m//+ros/+internal/+ros/+custommessages/+flyinglightspeck/readFLSRequest.m
-- Up-to-date: /Users/flyinglightspec/src/FLS-Multimedia2022/ROSbag/ROSpackages/matlab_msg_gen_ros1/maci64/install/m//+ros/+internal/+ros/+custommessages/+flyinglightspeck/fls.m
-- Up-to-date: /Users/flyinglightspec/src/FLS-Multimedia2022/ROSbag/ROSpackages/matlab_msg_gen_ros1/maci64/install/m//+ros/+internal/+ros/+custommessages/+flyinglightspeck/readFLSResponse.m
-- Up-to-date: /Users/flyinglightspec/src/FLS-Multimedia2022/ROSbag/ROSpackages/matlab_msg_gen_ros1/maci64/install/m//+ros/+msggen
-- Up-to-date: /Users/flyinglightspec/src/FLS-Multimedia2022/ROSbag/ROSpackages/matlab_msg_gen_ros1/maci64/install/m//+ros/+msggen/+flyinglightspeck
-- Up-to-date: /Users/flyinglightspec/src/FLS-Multimedia2022/ROSbag/ROSpackages/matlab_msg_gen_ros1/maci64/install/m//+ros/+msggen/+flyinglightspeck/ReadFLSRequest.m
-- Up-to-date: /Users/flyinglightspec/src/FLS-Multimedia2022/ROSbag/ROSpackages/matlab_msg_gen_ros1/maci64/install/m//+ros/+msggen/+flyinglightspeck/fls.m
-- Up-to-date: /Users/flyinglightspec/src/FLS-Multimedia2022/ROSbag/ROSpackages/matlab_msg_gen_ros1/maci64/install/m//+ros/+msggen/+flyinglightspeck/ReadFLSResponse.m
Base path: /Users/flyinglightspec/src/FLS-Multimedia2022/ROSbag/ROSpackages/matlab_msg_gen_ros1/maci64
Source space: /Users/flyinglightspec/src/FLS-Multimedia2022/ROSbag/ROSpackages/matlab_msg_gen_ros1/maci64/src
Build space: /Users/flyinglightspec/src/FLS-Multimedia2022/ROSbag/ROSpackages/matlab_msg_gen_ros1/maci64/build
Devel space: /Users/flyinglightspec/src/FLS-Multimedia2022/ROSbag/ROSpackages/matlab_msg_gen_ros1/maci64/devel
Install space: /Users/flyinglightspec/src/FLS-Multimedia2022/ROSbag/ROSpackages/matlab_msg_gen_ros1/maci64/install
####
#### Running command: "ninja build.ninja" in "/Users/flyinglightspec/src/FLS-Multimedia2022/ROSbag/ROSpackages/matlab_msg_gen_ros1/maci64/build"
####
####
#### Running command: "ninja install install -j16 -l16" in "/Users/flyinglightspec/src/FLS-Multimedia2022/ROSbag/ROSpackages/matlab_msg_gen_ros1/maci64/build"
####
